# JRE version: OpenJDK Runtime Environment (8.0_242) (build 1.8.0_242-release-1644-b3-6222593)
# Java VM: OpenJDK 64-Bit Server VM (25.242-b3-6222593 mixed mode linux-amd64 compressed oops)
Heap:
 PSYoungGen      total 135680K, used 75990K [0x00000000f5580000, 0x0000000100000000, 0x0000000100000000)
  eden space 109056K, 45% used [0x00000000f5580000,0x00000000f85b6cc0,0x00000000fc000000)
  from space 26624K, 99% used [0x00000000fe380000,0x00000000ffd7ef10,0x00000000ffd80000)
  to   space 32768K, 0% used [0x00000000fc000000,0x00000000fc000000,0x00000000fe000000)
 ParOldGen       total 349696K, used 197646K [0x00000000e0000000, 0x00000000f5580000, 0x00000000f5580000)
  object space 349696K, 56% used [0x00000000e0000000,0x00000000ec1039a8,0x00000000f5580000)
 Metaspace       used 167703K, capacity 176134K, committed 176536K, reserved 1204224K
  class space    used 20742K, capacity 22321K, committed 22440K, reserved 1048576K
GC Heap History (10 events):
Event: 7744.159 GC heap before
{Heap before GC invocations=125 (full 7):
 PSYoungGen      total 131584K, used 101837K [0x00000000f5580000, 0x00000000ffd80000, 0x0000000100000000)
  eden space 98816K, 100% used [0x00000000f5580000,0x00000000fb600000,0x00000000fb600000)
  from space 32768K, 9% used [0x00000000fb600000,0x00000000fb8f3438,0x00000000fd600000)
  to   space 31744K, 0% used [0x00000000fde80000,0x00000000fde80000,0x00000000ffd80000)
 ParOldGen       total 349696K, used 188303K [0x00000000e0000000, 0x00000000f5580000, 0x00000000f5580000)
  object space 349696K, 53% used [0x00000000e0000000,0x00000000eb7e3c60,0x00000000f5580000)
 Metaspace       used 158784K, capacity 166864K, committed 167064K, reserved 1196032K
  class space    used 19775K, capacity 21304K, committed 21416K, reserved 1048576K
Event: 7744.197 GC heap after
Heap after GC invocations=125 (full 7):
 PSYoungGen      total 140288K, used 5002K [0x00000000f5580000, 0x00000000ffc00000, 0x0000000100000000)
  eden space 110080K, 0% used [0x00000000f5580000,0x00000000f5580000,0x00000000fc100000)
  from space 30208K, 16% used [0x00000000fde80000,0x00000000fe362928,0x00000000ffc00000)
  to   space 30208K, 0% used [0x00000000fc100000,0x00000000fc100000,0x00000000fde80000)
 ParOldGen       total 349696K, used 188311K [0x00000000e0000000, 0x00000000f5580000, 0x00000000f5580000)
  object space 349696K, 53% used [0x00000000e0000000,0x00000000eb7e5c60,0x00000000f5580000)
 Metaspace       used 158784K, capacity 166864K, committed 167064K, reserved 1196032K
  class space    used 19775K, capacity 21304K, committed 21416K, reserved 1048576K
}
Event: 7744.580 GC heap before
{Heap before GC invocations=126 (full 7):
 PSYoungGen      total 140288K, used 115082K [0x00000000f5580000, 0x00000000ffc00000, 0x0000000100000000)
  eden space 110080K, 100% used [0x00000000f5580000,0x00000000fc100000,0x00000000fc100000)
  from space 30208K, 16% used [0x00000000fde80000,0x00000000fe362928,0x00000000ffc00000)
  to   space 30208K, 0% used [0x00000000fc100000,0x00000000fc100000,0x00000000fde80000)
 ParOldGen       total 349696K, used 188311K [0x00000000e0000000, 0x00000000f5580000, 0x00000000f5580000)
  object space 349696K, 53% used [0x00000000e0000000,0x00000000eb7e5c60,0x00000000f5580000)
 Metaspace       used 158838K, capacity 167096K, committed 167320K, reserved 1196032K
  class space    used 19790K, capacity 21332K, committed 21416K, reserved 1048576K
Event: 7744.593 GC heap after
Heap after GC invocations=126 (full 7):
 PSYoungGen      total 140288K, used 2933K [0x00000000f5580000, 0x00000000ffd00000, 0x0000000100000000)
  eden space 110080K, 0% used [0x00000000f5580000,0x00000000f5580000,0x00000000fc100000)
  from space 30208K, 9% used [0x00000000fc100000,0x00000000fc3dd678,0x00000000fde80000)
  to   space 28672K, 0% used [0x00000000fe100000,0x00000000fe100000,0x00000000ffd00000)
 ParOldGen       total 349696K, used 191761K [0x00000000e0000000, 0x00000000f5580000, 0x00000000f5580000)
  object space 349696K, 54% used [0x00000000e0000000,0x00000000ebb444c0,0x00000000f5580000)
 Metaspace       used 158838K, capacity 167096K, committed 167320K, reserved 1196032K
  class space    used 19790K, capacity 21332K, committed 21416K, reserved 1048576K
}
Event: 7745.542 GC heap before
{Heap before GC invocations=127 (full 7):
 PSYoungGen      total 140288K, used 113007K [0x00000000f5580000, 0x00000000ffd00000, 0x0000000100000000)
  eden space 110080K, 99% used [0x00000000f5580000,0x00000000fc0fe870,0x00000000fc100000)
  from space 30208K, 9% used [0x00000000fc100000,0x00000000fc3dd678,0x00000000fde80000)
  to   space 28672K, 0% used [0x00000000fe100000,0x00000000fe100000,0x00000000ffd00000)
 ParOldGen       total 349696K, used 191761K [0x00000000e0000000, 0x00000000f5580000, 0x00000000f5580000)
  object space 349696K, 54% used [0x00000000e0000000,0x00000000ebb444c0,0x00000000f5580000)
 Metaspace       used 158855K, capacity 167102K, committed 167320K, reserved 1196032K
  class space    used 19790K, capacity 21333K, committed 21416K, reserved 1048576K
Event: 7745.573 GC heap after
Heap after GC invocations=127 (full 7):
 PSYoungGen      total 143360K, used 10417K [0x00000000f5580000, 0x00000000ffc80000, 0x0000000100000000)
  eden space 115200K, 0% used [0x00000000f5580000,0x00000000f5580000,0x00000000fc600000)
  from space 28160K, 36% used [0x00000000fe100000,0x00000000feb2c7c8,0x00000000ffc80000)
  to   space 27648K, 0% used [0x00000000fc600000,0x00000000fc600000,0x00000000fe100000)
 ParOldGen       total 349696K, used 193904K [0x00000000e0000000, 0x00000000f5580000, 0x00000000f5580000)
  object space 349696K, 55% used [0x00000000e0000000,0x00000000ebd5c190,0x00000000f5580000)
 Metaspace       used 158855K, capacity 167102K, committed 167320K, reserved 1196032K
  class space    used 19790K, capacity 21333K, committed 21416K, reserved 1048576K
}
Event: 7746.864 GC heap before
{Heap before GC invocations=128 (full 7):
 PSYoungGen      total 143360K, used 125617K [0x00000000f5580000, 0x00000000ffc80000, 0x0000000100000000)
  eden space 115200K, 100% used [0x00000000f5580000,0x00000000fc600000,0x00000000fc600000)
  from space 28160K, 36% used [0x00000000fe100000,0x00000000feb2c7c8,0x00000000ffc80000)
  to   space 27648K, 0% used [0x00000000fc600000,0x00000000fc600000,0x00000000fe100000)
 ParOldGen       total 349696K, used 193904K [0x00000000e0000000, 0x00000000f5580000, 0x00000000f5580000)
  object space 349696K, 55% used [0x00000000e0000000,0x00000000ebd5c190,0x00000000f5580000)
 Metaspace       used 158901K, capacity 167256K, committed 167576K, reserved 1196032K
  class space    used 19799K, capacity 21348K, committed 21416K, reserved 1048576K
Event: 7746.873 GC heap after
Heap after GC invocations=128 (full 7):
 PSYoungGen      total 142848K, used 3958K [0x00000000f5580000, 0x00000000ffd80000, 0x0000000100000000)
  eden space 115200K, 0% used [0x00000000f5580000,0x00000000f5580000,0x00000000fc600000)
  from space 27648K, 14% used [0x00000000fc600000,0x00000000fc9ddb78,0x00000000fe100000)
  to   space 26624K, 0% used [0x00000000fe380000,0x00000000fe380000,0x00000000ffd80000)
 ParOldGen       total 349696K, used 194012K [0x00000000e0000000, 0x00000000f5580000, 0x00000000f5580000)
  object space 349696K, 55% used [0x00000000e0000000,0x00000000ebd771a0,0x00000000f5580000)
 Metaspace       used 158901K, capacity 167256K, committed 167576K, reserved 1196032K
  class space    used 19799K, capacity 21348K, committed 21416K, reserved 1048576K
}
Event: 7748.164 GC heap before
{Heap before GC invocations=129 (full 7):
 PSYoungGen      total 142848K, used 119158K [0x00000000f5580000, 0x00000000ffd80000, 0x0000000100000000)
  eden space 115200K, 100% used [0x00000000f5580000,0x00000000fc600000,0x00000000fc600000)
  from space 27648K, 14% used [0x00000000fc600000,0x00000000fc9ddb78,0x00000000fe100000)
  to   space 26624K, 0% used [0x00000000fe380000,0x00000000fe380000,0x00000000ffd80000)
 ParOldGen       total 349696K, used 194012K [0x00000000e0000000, 0x00000000f5580000, 0x00000000f5580000)
  object space 349696K, 55% used [0x00000000e0000000,0x00000000ebd771a0,0x00000000f5580000)
 Metaspace       used 166510K, capacity 174900K, committed 175128K, reserved 1202176K
  class space    used 20634K, capacity 22190K, committed 22312K, reserved 1048576K
Event: 7748.192 GC heap after
Heap after GC invocations=129 (full 7):
 PSYoungGen      total 135680K, used 26619K [0x00000000f5580000, 0x0000000100000000, 0x0000000100000000)
  eden space 109056K, 0% used [0x00000000f5580000,0x00000000f5580000,0x00000000fc000000)
  from space 26624K, 99% used [0x00000000fe380000,0x00000000ffd7ef10,0x00000000ffd80000)
  to   space 32768K, 0% used [0x00000000fc000000,0x00000000fc000000,0x00000000fe000000)
 ParOldGen       total 349696K, used 197646K [0x00000000e0000000, 0x00000000f5580000, 0x00000000f5580000)
  object space 349696K, 56% used [0x00000000e0000000,0x00000000ec1039a8,0x00000000f5580000)
 Metaspace       used 166510K, capacity 174900K, committed 175128K, reserved 1202176K
  class space    used 20634K, capacity 22190K, committed 22312K, reserved 1048576K
}

