# JRE version: OpenJDK Runtime Environment (8.0_212) (build 1.8.0_212-release-1586-b4-5784211)
# Java VM: OpenJDK 64-Bit Server VM (25.212-b4-5784211 mixed mode linux-amd64 compressed oops)
Heap:
 PSYoungGen      total 114688K, used 2905K [0x00000000f5580000, 0x00000000ffc80000, 0x0000000100000000)
  eden space 63488K, 0% used [0x00000000f5580000,0x00000000f5580000,0x00000000f9380000)
  from space 51200K, 5% used [0x00000000f9380000,0x00000000f96566e0,0x00000000fc580000)
  to   space 49664K, 0% used [0x00000000fcc00000,0x00000000fcc00000,0x00000000ffc80000)
 ParOldGen       total 349696K, used 317361K [0x00000000e0000000, 0x00000000f5580000, 0x00000000f5580000)
  object space 349696K, 90% used [0x00000000e0000000,0x00000000f35ec5c8,0x00000000f5580000)
 Metaspace       used 140325K, capacity 146482K, committed 147456K, reserved 1177600K
  class space    used 17042K, capacity 18194K, committed 18432K, reserved 1048576K
GC Heap History (10 events):
Event: 3178,123 GC heap after
Heap after GC invocations=220 (full 13):
 PSYoungGen      total 116736K, used 16032K [0x00000000f5580000, 0x0000000100000000, 0x0000000100000000)
  eden space 58880K, 0% used [0x00000000f5580000,0x00000000f5580000,0x00000000f8f00000)
  from space 57856K, 27% used [0x00000000f8f00000,0x00000000f9ea8090,0x00000000fc780000)
  to   space 57856K, 0% used [0x00000000fc780000,0x00000000fc780000,0x0000000100000000)
 ParOldGen       total 349696K, used 269560K [0x00000000e0000000, 0x00000000f5580000, 0x00000000f5580000)
  object space 349696K, 77% used [0x00000000e0000000,0x00000000f073e040,0x00000000f5580000)
 Metaspace       used 140312K, capacity 146482K, committed 147456K, reserved 1177600K
  class space    used 17042K, capacity 18194K, committed 18432K, reserved 1048576K
}
Event: 3178,435 GC heap before
{Heap before GC invocations=221 (full 13):
 PSYoungGen      total 116736K, used 74912K [0x00000000f5580000, 0x0000000100000000, 0x0000000100000000)
  eden space 58880K, 100% used [0x00000000f5580000,0x00000000f8f00000,0x00000000f8f00000)
  from space 57856K, 27% used [0x00000000f8f00000,0x00000000f9ea8090,0x00000000fc780000)
  to   space 57856K, 0% used [0x00000000fc780000,0x00000000fc780000,0x0000000100000000)
 ParOldGen       total 349696K, used 269560K [0x00000000e0000000, 0x00000000f5580000, 0x00000000f5580000)
  object space 349696K, 77% used [0x00000000e0000000,0x00000000f073e040,0x00000000f5580000)
 Metaspace       used 140315K, capacity 146482K, committed 147456K, reserved 1177600K
  class space    used 17042K, capacity 18194K, committed 18432K, reserved 1048576K
Event: 3178,464 GC heap after
Heap after GC invocations=221 (full 13):
 PSYoungGen      total 114688K, used 8438K [0x00000000f5580000, 0x00000000ffe00000, 0x0000000100000000)
  eden space 58880K, 0% used [0x00000000f5580000,0x00000000f5580000,0x00000000f8f00000)
  from space 55808K, 15% used [0x00000000fc780000,0x00000000fcfbd9d8,0x00000000ffe00000)
  to   space 56832K, 0% used [0x00000000f8f00000,0x00000000f8f00000,0x00000000fc680000)
 ParOldGen       total 349696K, used 285076K [0x00000000e0000000, 0x00000000f5580000, 0x00000000f5580000)
  object space 349696K, 81% used [0x00000000e0000000,0x00000000f16650f0,0x00000000f5580000)
 Metaspace       used 140315K, capacity 146482K, committed 147456K, reserved 1177600K
  class space    used 17042K, capacity 18194K, committed 18432K, reserved 1048576K
}
Event: 3179,096 GC heap before
{Heap before GC invocations=222 (full 13):
 PSYoungGen      total 114688K, used 67318K [0x00000000f5580000, 0x00000000ffe00000, 0x0000000100000000)
  eden space 58880K, 100% used [0x00000000f5580000,0x00000000f8f00000,0x00000000f8f00000)
  from space 55808K, 15% used [0x00000000fc780000,0x00000000fcfbd9d8,0x00000000ffe00000)
  to   space 56832K, 0% used [0x00000000f8f00000,0x00000000f8f00000,0x00000000fc680000)
 ParOldGen       total 349696K, used 285076K [0x00000000e0000000, 0x00000000f5580000, 0x00000000f5580000)
  object space 349696K, 81% used [0x00000000e0000000,0x00000000f16650f0,0x00000000f5580000)
 Metaspace       used 140324K, capacity 146482K, committed 147456K, reserved 1177600K
  class space    used 17042K, capacity 18194K, committed 18432K, reserved 1048576K
Event: 3179,123 GC heap after
Heap after GC invocations=222 (full 13):
 PSYoungGen      total 115712K, used 9922K [0x00000000f5580000, 0x00000000ffc00000, 0x0000000100000000)
  eden space 58880K, 0% used [0x00000000f5580000,0x00000000f5580000,0x00000000f8f00000)
  from space 56832K, 17% used [0x00000000f8f00000,0x00000000f98b0b80,0x00000000fc680000)
  to   space 54272K, 0% used [0x00000000fc700000,0x00000000fc700000,0x00000000ffc00000)
 ParOldGen       total 349696K, used 290840K [0x00000000e0000000, 0x00000000f5580000, 0x00000000f5580000)
  object space 349696K, 83% used [0x00000000e0000000,0x00000000f1c06270,0x00000000f5580000)
 Metaspace       used 140324K, capacity 146482K, committed 147456K, reserved 1177600K
  class space    used 17042K, capacity 18194K, committed 18432K, reserved 1048576K
}
Event: 3179,510 GC heap before
{Heap before GC invocations=223 (full 13):
 PSYoungGen      total 115712K, used 68802K [0x00000000f5580000, 0x00000000ffc00000, 0x0000000100000000)
  eden space 58880K, 100% used [0x00000000f5580000,0x00000000f8f00000,0x00000000f8f00000)
  from space 56832K, 17% used [0x00000000f8f00000,0x00000000f98b0b80,0x00000000fc680000)
  to   space 54272K, 0% used [0x00000000fc700000,0x00000000fc700000,0x00000000ffc00000)
 ParOldGen       total 349696K, used 290840K [0x00000000e0000000, 0x00000000f5580000, 0x00000000f5580000)
  object space 349696K, 83% used [0x00000000e0000000,0x00000000f1c06270,0x00000000f5580000)
 Metaspace       used 140325K, capacity 146482K, committed 147456K, reserved 1177600K
  class space    used 17042K, capacity 18194K, committed 18432K, reserved 1048576K
Event: 3179,526 GC heap after
Heap after GC invocations=223 (full 13):
 PSYoungGen      total 113152K, used 17684K [0x00000000f5580000, 0x00000000ff780000, 0x0000000100000000)
  eden space 63488K, 0% used [0x00000000f5580000,0x00000000f5580000,0x00000000f9380000)
  from space 49664K, 35% used [0x00000000fc700000,0x00000000fd8453c0,0x00000000ff780000)
  to   space 51200K, 0% used [0x00000000f9380000,0x00000000f9380000,0x00000000fc580000)
 ParOldGen       total 349696K, used 300114K [0x00000000e0000000, 0x00000000f5580000, 0x00000000f5580000)
  object space 349696K, 85% used [0x00000000e0000000,0x00000000f2514920,0x00000000f5580000)
 Metaspace       used 140325K, capacity 146482K, committed 147456K, reserved 1177600K
  class space    used 17042K, capacity 18194K, committed 18432K, reserved 1048576K
}
Event: 3179,647 GC heap before
{Heap before GC invocations=224 (full 13):
 PSYoungGen      total 113152K, used 78029K [0x00000000f5580000, 0x00000000ff780000, 0x0000000100000000)
  eden space 63488K, 95% used [0x00000000f5580000,0x00000000f906e2e8,0x00000000f9380000)
  from space 49664K, 35% used [0x00000000fc700000,0x00000000fd8453c0,0x00000000ff780000)
  to   space 51200K, 0% used [0x00000000f9380000,0x00000000f9380000,0x00000000fc580000)
 ParOldGen       total 349696K, used 300114K [0x00000000e0000000, 0x00000000f5580000, 0x00000000f5580000)
  object space 349696K, 85% used [0x00000000e0000000,0x00000000f2514920,0x00000000f5580000)
 Metaspace       used 140325K, capacity 146482K, committed 147456K, reserved 1177600K
  class space    used 17042K, capacity 18194K, committed 18432K, reserved 1048576K
Event: 3179,656 GC heap after
Heap after GC invocations=224 (full 13):
 PSYoungGen      total 114688K, used 2905K [0x00000000f5580000, 0x00000000ffc80000, 0x0000000100000000)
  eden space 63488K, 0% used [0x00000000f5580000,0x00000000f5580000,0x00000000f9380000)
  from space 51200K, 5% used [0x00000000f9380000,0x00000000f96566e0,0x00000000fc580000)
  to   space 49664K, 0% used [0x00000000fcc00000,0x00000000fcc00000,0x00000000ffc80000)
 ParOldGen       total 349696K, used 317361K [0x00000000e0000000, 0x00000000f5580000, 0x00000000f5580000)
  object space 349696K, 90% used [0x00000000e0000000,0x00000000f35ec5c8,0x00000000f5580000)
 Metaspace       used 140325K, capacity 146482K, committed 147456K, reserved 1177600K
  class space    used 17042K, capacity 18194K, committed 18432K, reserved 1048576K
}
Event: 3179,656 GC heap before
{Heap before GC invocations=225 (full 14):
 PSYoungGen      total 114688K, used 2905K [0x00000000f5580000, 0x00000000ffc80000, 0x0000000100000000)
  eden space 63488K, 0% used [0x00000000f5580000,0x00000000f5580000,0x00000000f9380000)
  from space 51200K, 5% used [0x00000000f9380000,0x00000000f96566e0,0x00000000fc580000)
  to   space 49664K, 0% used [0x00000000fcc00000,0x00000000fcc00000,0x00000000ffc80000)
 ParOldGen       total 349696K, used 317361K [0x00000000e0000000, 0x00000000f5580000, 0x00000000f5580000)
  object space 349696K, 90% used [0x00000000e0000000,0x00000000f35ec5c8,0x00000000f5580000)
 Metaspace       used 140325K, capacity 146482K, committed 147456K, reserved 1177600K
  class space    used 17042K, capacity 18194K, committed 18432K, reserved 1048576K

