# JRE version: OpenJDK Runtime Environment (8.0_202) (build 1.8.0_202-release-1483-b49-5587405)
# Java VM: OpenJDK 64-Bit Server VM (25.202-b49-5587405 mixed mode linux-amd64 compressed oops)
Heap:
 PSYoungGen      total 143872K, used 17877K [0x00000000f5580000, 0x0000000100000000, 0x0000000100000000)
  eden space 125440K, 0% used [0x00000000f5580000,0x00000000f5580000,0x00000000fd000000)
  from space 18432K, 96% used [0x00000000fee00000,0x00000000fff757b0,0x0000000100000000)
  to   space 24576K, 0% used [0x00000000fd000000,0x00000000fd000000,0x00000000fe800000)
 ParOldGen       total 175104K, used 32091K [0x00000000e0000000, 0x00000000eab00000, 0x00000000f5580000)
  object space 175104K, 18% used [0x00000000e0000000,0x00000000e1f56e30,0x00000000eab00000)
 Metaspace       used 57317K, capacity 58854K, committed 58968K, reserved 1099776K
  class space    used 7798K, capacity 8210K, committed 8320K, reserved 1048576K
GC Heap History (10 events):
Event: 8,582 GC heap after
Heap after GC invocations=6 (full 1):
 PSYoungGen      total 163840K, used 10721K [0x00000000f5580000, 0x0000000100000000, 0x0000000100000000)
  eden space 153088K, 0% used [0x00000000f5580000,0x00000000f5580000,0x00000000feb00000)
  from space 10752K, 99% used [0x00000000feb00000,0x00000000ff5787a8,0x00000000ff580000)
  to   space 10752K, 0% used [0x00000000ff580000,0x00000000ff580000,0x0000000100000000)
 ParOldGen       total 175104K, used 13235K [0x00000000e0000000, 0x00000000eab00000, 0x00000000f5580000)
  object space 175104K, 7% used [0x00000000e0000000,0x00000000e0cecd48,0x00000000eab00000)
 Metaspace       used 34577K, capacity 35218K, committed 35416K, reserved 1079296K
  class space    used 4756K, capacity 4966K, committed 4992K, reserved 1048576K
}
Event: 8,582 GC heap before
{Heap before GC invocations=7 (full 2):
 PSYoungGen      total 163840K, used 10721K [0x00000000f5580000, 0x0000000100000000, 0x0000000100000000)
  eden space 153088K, 0% used [0x00000000f5580000,0x00000000f5580000,0x00000000feb00000)
  from space 10752K, 99% used [0x00000000feb00000,0x00000000ff5787a8,0x00000000ff580000)
  to   space 10752K, 0% used [0x00000000ff580000,0x00000000ff580000,0x0000000100000000)
 ParOldGen       total 175104K, used 13235K [0x00000000e0000000, 0x00000000eab00000, 0x00000000f5580000)
  object space 175104K, 7% used [0x00000000e0000000,0x00000000e0cecd48,0x00000000eab00000)
 Metaspace       used 34577K, capacity 35218K, committed 35416K, reserved 1079296K
  class space    used 4756K, capacity 4966K, committed 4992K, reserved 1048576K
Event: 8,721 GC heap after
Heap after GC invocations=7 (full 2):
 PSYoungGen      total 163840K, used 0K [0x00000000f5580000, 0x0000000100000000, 0x0000000100000000)
  eden space 153088K, 0% used [0x00000000f5580000,0x00000000f5580000,0x00000000feb00000)
  from space 10752K, 0% used [0x00000000feb00000,0x00000000feb00000,0x00000000ff580000)
  to   space 10752K, 0% used [0x00000000ff580000,0x00000000ff580000,0x0000000100000000)
 ParOldGen       total 175104K, used 18425K [0x00000000e0000000, 0x00000000eab00000, 0x00000000f5580000)
  object space 175104K, 10% used [0x00000000e0000000,0x00000000e11fe6d0,0x00000000eab00000)
 Metaspace       used 34575K, capacity 35212K, committed 35416K, reserved 1079296K
  class space    used 4755K, capacity 4965K, committed 4992K, reserved 1048576K
}
Event: 12,488 GC heap before
{Heap before GC invocations=8 (full 2):
 PSYoungGen      total 163840K, used 153088K [0x00000000f5580000, 0x0000000100000000, 0x0000000100000000)
  eden space 153088K, 100% used [0x00000000f5580000,0x00000000feb00000,0x00000000feb00000)
  from space 10752K, 0% used [0x00000000feb00000,0x00000000feb00000,0x00000000ff580000)
  to   space 10752K, 0% used [0x00000000ff580000,0x00000000ff580000,0x0000000100000000)
 ParOldGen       total 175104K, used 18425K [0x00000000e0000000, 0x00000000eab00000, 0x00000000f5580000)
  object space 175104K, 10% used [0x00000000e0000000,0x00000000e11fe6d0,0x00000000eab00000)
 Metaspace       used 47787K, capacity 48984K, committed 49368K, reserved 1091584K
  class space    used 6457K, capacity 6794K, committed 6912K, reserved 1048576K
Event: 12,529 GC heap after
Heap after GC invocations=8 (full 2):
 PSYoungGen      total 148480K, used 10743K [0x00000000f5580000, 0x0000000100000000, 0x0000000100000000)
  eden space 137728K, 0% used [0x00000000f5580000,0x00000000f5580000,0x00000000fdc00000)
  from space 10752K, 99% used [0x00000000ff580000,0x00000000ffffdf60,0x0000000100000000)
  to   space 18432K, 0% used [0x00000000fdc00000,0x00000000fdc00000,0x00000000fee00000)
 ParOldGen       total 175104K, used 26143K [0x00000000e0000000, 0x00000000eab00000, 0x00000000f5580000)
  object space 175104K, 14% used [0x00000000e0000000,0x00000000e1987ff8,0x00000000eab00000)
 Metaspace       used 47787K, capacity 48984K, committed 49368K, reserved 1091584K
  class space    used 6457K, capacity 6794K, committed 6912K, reserved 1048576K
}
Event: 15,552 GC heap before
{Heap before GC invocations=9 (full 2):
 PSYoungGen      total 148480K, used 148471K [0x00000000f5580000, 0x0000000100000000, 0x0000000100000000)
  eden space 137728K, 100% used [0x00000000f5580000,0x00000000fdc00000,0x00000000fdc00000)
  from space 10752K, 99% used [0x00000000ff580000,0x00000000ffffdf60,0x0000000100000000)
  to   space 18432K, 0% used [0x00000000fdc00000,0x00000000fdc00000,0x00000000fee00000)
 ParOldGen       total 175104K, used 26143K [0x00000000e0000000, 0x00000000eab00000, 0x00000000f5580000)
  object space 175104K, 14% used [0x00000000e0000000,0x00000000e1987ff8,0x00000000eab00000)
 Metaspace       used 56770K, capacity 58316K, committed 58584K, reserved 1099776K
  class space    used 7714K, capacity 8101K, committed 8192K, reserved 1048576K
Event: 15,583 GC heap after
Heap after GC invocations=9 (full 2):
 PSYoungGen      total 156160K, used 18427K [0x00000000f5580000, 0x0000000100000000, 0x0000000100000000)
  eden space 137728K, 0% used [0x00000000f5580000,0x00000000f5580000,0x00000000fdc00000)
  from space 18432K, 99% used [0x00000000fdc00000,0x00000000fedfee88,0x00000000fee00000)
  to   space 18432K, 0% used [0x00000000fee00000,0x00000000fee00000,0x0000000100000000)
 ParOldGen       total 175104K, used 32019K [0x00000000e0000000, 0x00000000eab00000, 0x00000000f5580000)
  object space 175104K, 18% used [0x00000000e0000000,0x00000000e1f44e20,0x00000000eab00000)
 Metaspace       used 56770K, capacity 58316K, committed 58584K, reserved 1099776K
  class space    used 7714K, capacity 8101K, committed 8192K, reserved 1048576K
}
Event: 15,761 GC heap before
{Heap before GC invocations=10 (full 2):
 PSYoungGen      total 156160K, used 27518K [0x00000000f5580000, 0x0000000100000000, 0x0000000100000000)
  eden space 137728K, 6% used [0x00000000f5580000,0x00000000f5e60bf8,0x00000000fdc00000)
  from space 18432K, 99% used [0x00000000fdc00000,0x00000000fedfee88,0x00000000fee00000)
  to   space 18432K, 0% used [0x00000000fee00000,0x00000000fee00000,0x0000000100000000)
 ParOldGen       total 175104K, used 32019K [0x00000000e0000000, 0x00000000eab00000, 0x00000000f5580000)
  object space 175104K, 18% used [0x00000000e0000000,0x00000000e1f44e20,0x00000000eab00000)
 Metaspace       used 57317K, capacity 58854K, committed 58968K, reserved 1099776K
  class space    used 7798K, capacity 8210K, committed 8320K, reserved 1048576K
Event: 15,788 GC heap after
Heap after GC invocations=10 (full 2):
 PSYoungGen      total 143872K, used 17877K [0x00000000f5580000, 0x0000000100000000, 0x0000000100000000)
  eden space 125440K, 0% used [0x00000000f5580000,0x00000000f5580000,0x00000000fd000000)
  from space 18432K, 96% used [0x00000000fee00000,0x00000000fff757b0,0x0000000100000000)
  to   space 24576K, 0% used [0x00000000fd000000,0x00000000fd000000,0x00000000fe800000)
 ParOldGen       total 175104K, used 32091K [0x00000000e0000000, 0x00000000eab00000, 0x00000000f5580000)
  object space 175104K, 18% used [0x00000000e0000000,0x00000000e1f56e30,0x00000000eab00000)
 Metaspace       used 57317K, capacity 58854K, committed 58968K, reserved 1099776K
  class space    used 7798K, capacity 8210K, committed 8320K, reserved 1048576K
}
Event: 15,788 GC heap before
{Heap before GC invocations=11 (full 3):
 PSYoungGen      total 143872K, used 17877K [0x00000000f5580000, 0x0000000100000000, 0x0000000100000000)
  eden space 125440K, 0% used [0x00000000f5580000,0x00000000f5580000,0x00000000fd000000)
  from space 18432K, 96% used [0x00000000fee00000,0x00000000fff757b0,0x0000000100000000)
  to   space 24576K, 0% used [0x00000000fd000000,0x00000000fd000000,0x00000000fe800000)
 ParOldGen       total 175104K, used 32091K [0x00000000e0000000, 0x00000000eab00000, 0x00000000f5580000)
  object space 175104K, 18% used [0x00000000e0000000,0x00000000e1f56e30,0x00000000eab00000)
 Metaspace       used 57317K, capacity 58854K, committed 58968K, reserved 1099776K
  class space    used 7798K, capacity 8210K, committed 8320K, reserved 1048576K

