# JRE version: OpenJDK Runtime Environment (8.0_242) (build 1.8.0_242-release-1644-b3-6222593)
# Java VM: OpenJDK 64-Bit Server VM (25.242-b3-6222593 mixed mode linux-amd64 compressed oops)
Heap:
 PSYoungGen      total 115712K, used 5147K [0x00000000f5580000, 0x00000000fff00000, 0x0000000100000000)
  eden space 58880K, 0% used [0x00000000f5580000,0x00000000f5580000,0x00000000f8f00000)
  from space 56832K, 9% used [0x00000000fc780000,0x00000000fcc86d90,0x00000000fff00000)
  to   space 57344K, 0% used [0x00000000f8f00000,0x00000000f8f00000,0x00000000fc700000)
 ParOldGen       total 349696K, used 335485K [0x00000000e0000000, 0x00000000f5580000, 0x00000000f5580000)
  object space 349696K, 95% used [0x00000000e0000000,0x00000000f479f5a8,0x00000000f5580000)
 Metaspace       used 131793K, capacity 137184K, committed 138008K, reserved 1169408K
  class space    used 16251K, capacity 17261K, committed 17448K, reserved 1048576K
GC Heap History (10 events):
Event: 595,086 GC heap after
Heap after GC invocations=139 (full 11):
 PSYoungGen      total 116736K, used 12521K [0x00000000f5580000, 0x0000000100000000, 0x0000000100000000)
  eden space 58880K, 0% used [0x00000000f5580000,0x00000000f5580000,0x00000000f8f00000)
  from space 57856K, 21% used [0x00000000fc780000,0x00000000fd3ba4b0,0x0000000100000000)
  to   space 57856K, 0% used [0x00000000f8f00000,0x00000000f8f00000,0x00000000fc780000)
 ParOldGen       total 349696K, used 293178K [0x00000000e0000000, 0x00000000f5580000, 0x00000000f5580000)
  object space 349696K, 83% used [0x00000000e0000000,0x00000000f1e4eaf8,0x00000000f5580000)
 Metaspace       used 130830K, capacity 136096K, committed 137240K, reserved 1169408K
  class space    used 16183K, capacity 17195K, committed 17448K, reserved 1048576K
}
Event: 596,473 GC heap before
{Heap before GC invocations=140 (full 11):
 PSYoungGen      total 116736K, used 71398K [0x00000000f5580000, 0x0000000100000000, 0x0000000100000000)
  eden space 58880K, 99% used [0x00000000f5580000,0x00000000f8eff5d8,0x00000000f8f00000)
  from space 57856K, 21% used [0x00000000fc780000,0x00000000fd3ba4b0,0x0000000100000000)
  to   space 57856K, 0% used [0x00000000f8f00000,0x00000000f8f00000,0x00000000fc780000)
 ParOldGen       total 349696K, used 293178K [0x00000000e0000000, 0x00000000f5580000, 0x00000000f5580000)
  object space 349696K, 83% used [0x00000000e0000000,0x00000000f1e4eaf8,0x00000000f5580000)
 Metaspace       used 131145K, capacity 136576K, committed 137496K, reserved 1169408K
  class space    used 16214K, capacity 17245K, committed 17448K, reserved 1048576K
Event: 596,486 GC heap after
Heap after GC invocations=140 (full 11):
 PSYoungGen      total 116736K, used 2880K [0x00000000f5580000, 0x0000000100000000, 0x0000000100000000)
  eden space 58880K, 0% used [0x00000000f5580000,0x00000000f5580000,0x00000000f8f00000)
  from space 57856K, 4% used [0x00000000f8f00000,0x00000000f91d0000,0x00000000fc780000)
  to   space 57856K, 0% used [0x00000000fc780000,0x00000000fc780000,0x0000000100000000)
 ParOldGen       total 349696K, used 304544K [0x00000000e0000000, 0x00000000f5580000, 0x00000000f5580000)
  object space 349696K, 87% used [0x00000000e0000000,0x00000000f29680f8,0x00000000f5580000)
 Metaspace       used 131145K, capacity 136576K, committed 137496K, reserved 1169408K
  class space    used 16214K, capacity 17245K, committed 17448K, reserved 1048576K
}
Event: 596,814 GC heap before
{Heap before GC invocations=141 (full 11):
 PSYoungGen      total 116736K, used 61760K [0x00000000f5580000, 0x0000000100000000, 0x0000000100000000)
  eden space 58880K, 100% used [0x00000000f5580000,0x00000000f8f00000,0x00000000f8f00000)
  from space 57856K, 4% used [0x00000000f8f00000,0x00000000f91d0000,0x00000000fc780000)
  to   space 57856K, 0% used [0x00000000fc780000,0x00000000fc780000,0x0000000100000000)
 ParOldGen       total 349696K, used 304544K [0x00000000e0000000, 0x00000000f5580000, 0x00000000f5580000)
  object space 349696K, 87% used [0x00000000e0000000,0x00000000f29680f8,0x00000000f5580000)
 Metaspace       used 131597K, capacity 136992K, committed 138008K, reserved 1169408K
  class space    used 16242K, capacity 17251K, committed 17448K, reserved 1048576K
Event: 596,824 GC heap after
Heap after GC invocations=141 (full 11):
 PSYoungGen      total 116736K, used 677K [0x00000000f5580000, 0x0000000100000000, 0x0000000100000000)
  eden space 58880K, 0% used [0x00000000f5580000,0x00000000f5580000,0x00000000f8f00000)
  from space 57856K, 1% used [0x00000000fc780000,0x00000000fc8297d0,0x0000000100000000)
  to   space 57856K, 0% used [0x00000000f8f00000,0x00000000f8f00000,0x00000000fc780000)
 ParOldGen       total 349696K, used 307112K [0x00000000e0000000, 0x00000000f5580000, 0x00000000f5580000)
  object space 349696K, 87% used [0x00000000e0000000,0x00000000f2bea158,0x00000000f5580000)
 Metaspace       used 131597K, capacity 136992K, committed 138008K, reserved 1169408K
  class space    used 16242K, capacity 17251K, committed 17448K, reserved 1048576K
}
Event: 597,202 GC heap before
{Heap before GC invocations=142 (full 11):
 PSYoungGen      total 116736K, used 55200K [0x00000000f5580000, 0x0000000100000000, 0x0000000100000000)
  eden space 58880K, 92% used [0x00000000f5580000,0x00000000f8abe938,0x00000000f8f00000)
  from space 57856K, 1% used [0x00000000fc780000,0x00000000fc8297d0,0x0000000100000000)
  to   space 57856K, 0% used [0x00000000f8f00000,0x00000000f8f00000,0x00000000fc780000)
 ParOldGen       total 349696K, used 316454K [0x00000000e0000000, 0x00000000f5580000, 0x00000000f5580000)
  object space 349696K, 90% used [0x00000000e0000000,0x00000000f3509b70,0x00000000f5580000)
 Metaspace       used 131654K, capacity 137052K, committed 138008K, reserved 1169408K
  class space    used 16247K, capacity 17261K, committed 17448K, reserved 1048576K
Event: 597,216 GC heap after
Heap after GC invocations=142 (full 11):
 PSYoungGen      total 116736K, used 21156K [0x00000000f5580000, 0x0000000100000000, 0x0000000100000000)
  eden space 58880K, 0% used [0x00000000f5580000,0x00000000f5580000,0x00000000f8f00000)
  from space 57856K, 36% used [0x00000000f8f00000,0x00000000fa3a9090,0x00000000fc780000)
  to   space 57856K, 0% used [0x00000000fc780000,0x00000000fc780000,0x0000000100000000)
 ParOldGen       total 349696K, used 316677K [0x00000000e0000000, 0x00000000f5580000, 0x00000000f5580000)
  object space 349696K, 90% used [0x00000000e0000000,0x00000000f3541610,0x00000000f5580000)
 Metaspace       used 131654K, capacity 137052K, committed 138008K, reserved 1169408K
  class space    used 16247K, capacity 17261K, committed 17448K, reserved 1048576K
}
Event: 599,560 GC heap before
{Heap before GC invocations=143 (full 11):
 PSYoungGen      total 116736K, used 80036K [0x00000000f5580000, 0x0000000100000000, 0x0000000100000000)
  eden space 58880K, 100% used [0x00000000f5580000,0x00000000f8f00000,0x00000000f8f00000)
  from space 57856K, 36% used [0x00000000f8f00000,0x00000000fa3a9090,0x00000000fc780000)
  to   space 57856K, 0% used [0x00000000fc780000,0x00000000fc780000,0x0000000100000000)
 ParOldGen       total 349696K, used 316695K [0x00000000e0000000, 0x00000000f5580000, 0x00000000f5580000)
  object space 349696K, 90% used [0x00000000e0000000,0x00000000f3545fc8,0x00000000f5580000)
 Metaspace       used 131793K, capacity 137184K, committed 138008K, reserved 1169408K
  class space    used 16251K, capacity 17261K, committed 17448K, reserved 1048576K
Event: 599,569 GC heap after
Heap after GC invocations=143 (full 11):
 PSYoungGen      total 115712K, used 5147K [0x00000000f5580000, 0x00000000fff00000, 0x0000000100000000)
  eden space 58880K, 0% used [0x00000000f5580000,0x00000000f5580000,0x00000000f8f00000)
  from space 56832K, 9% used [0x00000000fc780000,0x00000000fcc86d90,0x00000000fff00000)
  to   space 57344K, 0% used [0x00000000f8f00000,0x00000000f8f00000,0x00000000fc700000)
 ParOldGen       total 349696K, used 335485K [0x00000000e0000000, 0x00000000f5580000, 0x00000000f5580000)
  object space 349696K, 95% used [0x00000000e0000000,0x00000000f479f5a8,0x00000000f5580000)
 Metaspace       used 131793K, capacity 137184K, committed 138008K, reserved 1169408K
  class space    used 16251K, capacity 17261K, committed 17448K, reserved 1048576K
}
Event: 599,569 GC heap before
{Heap before GC invocations=144 (full 12):
 PSYoungGen      total 115712K, used 5147K [0x00000000f5580000, 0x00000000fff00000, 0x0000000100000000)
  eden space 58880K, 0% used [0x00000000f5580000,0x00000000f5580000,0x00000000f8f00000)
  from space 56832K, 9% used [0x00000000fc780000,0x00000000fcc86d90,0x00000000fff00000)
  to   space 57344K, 0% used [0x00000000f8f00000,0x00000000f8f00000,0x00000000fc700000)
 ParOldGen       total 349696K, used 335485K [0x00000000e0000000, 0x00000000f5580000, 0x00000000f5580000)
  object space 349696K, 95% used [0x00000000e0000000,0x00000000f479f5a8,0x00000000f5580000)
 Metaspace       used 131793K, capacity 137184K, committed 138008K, reserved 1169408K
  class space    used 16251K, capacity 17261K, committed 17448K, reserved 1048576K

