# JRE version: OpenJDK Runtime Environment (8.0_242) (build 1.8.0_242-release-1644-b3-6222593)
# Java VM: OpenJDK 64-Bit Server VM (25.242-b3-6222593 mixed mode linux-amd64 compressed oops)
Heap:
 PSYoungGen      total 116736K, used 14706K [0x00000000f5580000, 0x0000000100000000, 0x0000000100000000)
  eden space 58880K, 0% used [0x00000000f5580000,0x00000000f5580000,0x00000000f8f00000)
  from space 57856K, 25% used [0x00000000f8f00000,0x00000000f9d5cbe0,0x00000000fc780000)
  to   space 57856K, 0% used [0x00000000fc780000,0x00000000fc780000,0x0000000100000000)
 ParOldGen       total 342016K, used 313349K [0x00000000e0000000, 0x00000000f4e00000, 0x00000000f5580000)
  object space 342016K, 91% used [0x00000000e0000000,0x00000000f32015e8,0x00000000f4e00000)
 Metaspace       used 129314K, capacity 135340K, committed 135576K, reserved 1167360K
  class space    used 16326K, capacity 17475K, committed 17584K, reserved 1048576K
GC Heap History (10 events):
Event: 2156,536 GC heap after
Heap after GC invocations=61 (full 5):
 PSYoungGen      total 138240K, used 30198K [0x00000000f5580000, 0x0000000100000000, 0x0000000100000000)
  eden space 108032K, 0% used [0x00000000f5580000,0x00000000f5580000,0x00000000fbf00000)
  from space 30208K, 99% used [0x00000000fbf00000,0x00000000fdc7da58,0x00000000fdc80000)
  to   space 36352K, 0% used [0x00000000fdc80000,0x00000000fdc80000,0x0000000100000000)
 ParOldGen       total 342016K, used 175684K [0x00000000e0000000, 0x00000000f4e00000, 0x00000000f5580000)
  object space 342016K, 51% used [0x00000000e0000000,0x00000000eab913d8,0x00000000f4e00000)
 Metaspace       used 124003K, capacity 129948K, committed 130200K, reserved 1163264K
  class space    used 15673K, capacity 16793K, committed 16816K, reserved 1048576K
}
Event: 2157,461 GC heap before
{Heap before GC invocations=62 (full 5):
 PSYoungGen      total 138240K, used 138230K [0x00000000f5580000, 0x0000000100000000, 0x0000000100000000)
  eden space 108032K, 100% used [0x00000000f5580000,0x00000000fbf00000,0x00000000fbf00000)
  from space 30208K, 99% used [0x00000000fbf00000,0x00000000fdc7da58,0x00000000fdc80000)
  to   space 36352K, 0% used [0x00000000fdc80000,0x00000000fdc80000,0x0000000100000000)
 ParOldGen       total 342016K, used 175684K [0x00000000e0000000, 0x00000000f4e00000, 0x00000000f5580000)
  object space 342016K, 51% used [0x00000000e0000000,0x00000000eab913d8,0x00000000f4e00000)
 Metaspace       used 128362K, capacity 134360K, committed 134680K, reserved 1167360K
  class space    used 16236K, capacity 17367K, committed 17456K, reserved 1048576K
Event: 2157,508 GC heap after
Heap after GC invocations=62 (full 5):
 PSYoungGen      total 124928K, used 26544K [0x00000000f5580000, 0x0000000100000000, 0x0000000100000000)
  eden space 88576K, 0% used [0x00000000f5580000,0x00000000f5580000,0x00000000fac00000)
  from space 36352K, 73% used [0x00000000fdc80000,0x00000000ff66c3f0,0x0000000100000000)
  to   space 43008K, 0% used [0x00000000fac00000,0x00000000fac00000,0x00000000fd600000)
 ParOldGen       total 342016K, used 205227K [0x00000000e0000000, 0x00000000f4e00000, 0x00000000f5580000)
  object space 342016K, 60% used [0x00000000e0000000,0x00000000ec86aec0,0x00000000f4e00000)
 Metaspace       used 128362K, capacity 134360K, committed 134680K, reserved 1167360K
  class space    used 16236K, capacity 17367K, committed 17456K, reserved 1048576K
}
Event: 2158,073 GC heap before
{Heap before GC invocations=63 (full 5):
 PSYoungGen      total 124928K, used 115120K [0x00000000f5580000, 0x0000000100000000, 0x0000000100000000)
  eden space 88576K, 100% used [0x00000000f5580000,0x00000000fac00000,0x00000000fac00000)
  from space 36352K, 73% used [0x00000000fdc80000,0x00000000ff66c3f0,0x0000000100000000)
  to   space 43008K, 0% used [0x00000000fac00000,0x00000000fac00000,0x00000000fd600000)
 ParOldGen       total 342016K, used 205227K [0x00000000e0000000, 0x00000000f4e00000, 0x00000000f5580000)
  object space 342016K, 60% used [0x00000000e0000000,0x00000000ec86aec0,0x00000000f4e00000)
 Metaspace       used 129283K, capacity 135340K, committed 135576K, reserved 1167360K
  class space    used 16326K, capacity 17475K, committed 17584K, reserved 1048576K
Event: 2158,117 GC heap after
Heap after GC invocations=63 (full 5):
 PSYoungGen      total 121856K, used 32906K [0x00000000f5580000, 0x0000000100000000, 0x0000000100000000)
  eden space 88576K, 0% used [0x00000000f5580000,0x00000000f5580000,0x00000000fac00000)
  from space 33280K, 98% used [0x00000000fac00000,0x00000000fcc22b60,0x00000000fcc80000)
  to   space 47104K, 0% used [0x00000000fd200000,0x00000000fd200000,0x0000000100000000)
 ParOldGen       total 342016K, used 227691K [0x00000000e0000000, 0x00000000f4e00000, 0x00000000f5580000)
  object space 342016K, 66% used [0x00000000e0000000,0x00000000ede5afb8,0x00000000f4e00000)
 Metaspace       used 129283K, capacity 135340K, committed 135576K, reserved 1167360K
  class space    used 16326K, capacity 17475K, committed 17584K, reserved 1048576K
}
Event: 2158,293 GC heap before
{Heap before GC invocations=64 (full 5):
 PSYoungGen      total 121856K, used 121482K [0x00000000f5580000, 0x0000000100000000, 0x0000000100000000)
  eden space 88576K, 100% used [0x00000000f5580000,0x00000000fac00000,0x00000000fac00000)
  from space 33280K, 98% used [0x00000000fac00000,0x00000000fcc22b60,0x00000000fcc80000)
  to   space 47104K, 0% used [0x00000000fd200000,0x00000000fd200000,0x0000000100000000)
 ParOldGen       total 342016K, used 227691K [0x00000000e0000000, 0x00000000f4e00000, 0x00000000f5580000)
  object space 342016K, 66% used [0x00000000e0000000,0x00000000ede5afb8,0x00000000f4e00000)
 Metaspace       used 129303K, capacity 135340K, committed 135576K, reserved 1167360K
  class space    used 16326K, capacity 17475K, committed 17584K, reserved 1048576K
Event: 2158,371 GC heap after
Heap after GC invocations=64 (full 5):
 PSYoungGen      total 105984K, used 47103K [0x00000000f5580000, 0x0000000100000000, 0x0000000100000000)
  eden space 58880K, 0% used [0x00000000f5580000,0x00000000f5580000,0x00000000f8f00000)
  from space 47104K, 99% used [0x00000000fd200000,0x00000000fffffdd0,0x0000000100000000)
  to   space 57856K, 0% used [0x00000000f8f00000,0x00000000f8f00000,0x00000000fc780000)
 ParOldGen       total 342016K, used 271041K [0x00000000e0000000, 0x00000000f4e00000, 0x00000000f5580000)
  object space 342016K, 79% used [0x00000000e0000000,0x00000000f08b04a0,0x00000000f4e00000)
 Metaspace       used 129303K, capacity 135340K, committed 135576K, reserved 1167360K
  class space    used 16326K, capacity 17475K, committed 17584K, reserved 1048576K
}
Event: 2158,516 GC heap before
{Heap before GC invocations=65 (full 5):
 PSYoungGen      total 105984K, used 105983K [0x00000000f5580000, 0x0000000100000000, 0x0000000100000000)
  eden space 58880K, 100% used [0x00000000f5580000,0x00000000f8f00000,0x00000000f8f00000)
  from space 47104K, 99% used [0x00000000fd200000,0x00000000fffffdd0,0x0000000100000000)
  to   space 57856K, 0% used [0x00000000f8f00000,0x00000000f8f00000,0x00000000fc780000)
 ParOldGen       total 342016K, used 271041K [0x00000000e0000000, 0x00000000f4e00000, 0x00000000f5580000)
  object space 342016K, 79% used [0x00000000e0000000,0x00000000f08b04a0,0x00000000f4e00000)
 Metaspace       used 129314K, capacity 135340K, committed 135576K, reserved 1167360K
  class space    used 16326K, capacity 17475K, committed 17584K, reserved 1048576K
Event: 2158,563 GC heap after
Heap after GC invocations=65 (full 5):
 PSYoungGen      total 116736K, used 14706K [0x00000000f5580000, 0x0000000100000000, 0x0000000100000000)
  eden space 58880K, 0% used [0x00000000f5580000,0x00000000f5580000,0x00000000f8f00000)
  from space 57856K, 25% used [0x00000000f8f00000,0x00000000f9d5cbe0,0x00000000fc780000)
  to   space 57856K, 0% used [0x00000000fc780000,0x00000000fc780000,0x0000000100000000)
 ParOldGen       total 342016K, used 313349K [0x00000000e0000000, 0x00000000f4e00000, 0x00000000f5580000)
  object space 342016K, 91% used [0x00000000e0000000,0x00000000f32015e8,0x00000000f4e00000)
 Metaspace       used 129314K, capacity 135340K, committed 135576K, reserved 1167360K
  class space    used 16326K, capacity 17475K, committed 17584K, reserved 1048576K
}
Event: 2158,563 GC heap before
{Heap before GC invocations=66 (full 6):
 PSYoungGen      total 116736K, used 14706K [0x00000000f5580000, 0x0000000100000000, 0x0000000100000000)
  eden space 58880K, 0% used [0x00000000f5580000,0x00000000f5580000,0x00000000f8f00000)
  from space 57856K, 25% used [0x00000000f8f00000,0x00000000f9d5cbe0,0x00000000fc780000)
  to   space 57856K, 0% used [0x00000000fc780000,0x00000000fc780000,0x0000000100000000)
 ParOldGen       total 342016K, used 313349K [0x00000000e0000000, 0x00000000f4e00000, 0x00000000f5580000)
  object space 342016K, 91% used [0x00000000e0000000,0x00000000f32015e8,0x00000000f4e00000)
 Metaspace       used 129314K, capacity 135340K, committed 135576K, reserved 1167360K
  class space    used 16326K, capacity 17475K, committed 17584K, reserved 1048576K

