# JRE version: OpenJDK Runtime Environment (8.0_242) (build 1.8.0_242-release-1644-b3-6222593)
# Java VM: OpenJDK 64-Bit Server VM (25.242-b3-6222593 mixed mode linux-amd64 compressed oops)
Heap:
 PSYoungGen      total 585728K, used 152330K [0x00000000d5580000, 0x0000000100000000, 0x0000000100000000)
  eden space 493056K, 22% used [0x00000000d5580000,0x00000000dc3a5f60,0x00000000f3700000)
  from space 92672K, 42% used [0x00000000fa580000,0x00000000fcc1c8a0,0x0000000100000000)
  to   space 102912K, 0% used [0x00000000f3700000,0x00000000f3700000,0x00000000f9b80000)
 ParOldGen       total 361472K, used 172422K [0x0000000080000000, 0x0000000096100000, 0x00000000d5580000)
  object space 361472K, 47% used [0x0000000080000000,0x000000008a861aa8,0x0000000096100000)
 Metaspace       used 144642K, capacity 152254K, committed 152472K, reserved 1183744K
  class space    used 17800K, capacity 19070K, committed 19120K, reserved 1048576K
GC Heap History (10 events):
Event: 4050.379 GC heap before
{Heap before GC invocations=37 (full 5):
 PSYoungGen      total 590336K, used 511180K [0x00000000d5580000, 0x00000000ffb80000, 0x0000000100000000)
  eden space 494080K, 100% used [0x00000000d5580000,0x00000000f3800000,0x00000000f3800000)
  from space 96256K, 17% used [0x00000000f3800000,0x00000000f48b3028,0x00000000f9600000)
  to   space 92160K, 0% used [0x00000000fa180000,0x00000000fa180000,0x00000000ffb80000)
 ParOldGen       total 361472K, used 137810K [0x0000000080000000, 0x0000000096100000, 0x00000000d5580000)
  object space 361472K, 38% used [0x0000000080000000,0x0000000088694bd8,0x0000000096100000)
 Metaspace       used 128470K, capacity 135454K, committed 135704K, reserved 1167360K
  class space    used 15944K, capacity 17126K, committed 17200K, reserved 1048576K
Event: 4050.433 GC heap after
Heap after GC invocations=37 (full 5):
 PSYoungGen      total 594944K, used 17389K [0x00000000d5580000, 0x00000000ff400000, 0x0000000100000000)
  eden space 510464K, 0% used [0x00000000d5580000,0x00000000d5580000,0x00000000f4800000)
  from space 84480K, 20% used [0x00000000fa180000,0x00000000fb27b508,0x00000000ff400000)
  to   space 88064K, 0% used [0x00000000f4800000,0x00000000f4800000,0x00000000f9e00000)
 ParOldGen       total 361472K, used 137810K [0x0000000080000000, 0x0000000096100000, 0x00000000d5580000)
  object space 361472K, 38% used [0x0000000080000000,0x0000000088694bd8,0x0000000096100000)
 Metaspace       used 128470K, capacity 135454K, committed 135704K, reserved 1167360K
  class space    used 15944K, capacity 17126K, committed 17200K, reserved 1048576K
}
Event: 4190.579 GC heap before
{Heap before GC invocations=38 (full 5):
 PSYoungGen      total 594944K, used 527853K [0x00000000d5580000, 0x00000000ff400000, 0x0000000100000000)
  eden space 510464K, 100% used [0x00000000d5580000,0x00000000f4800000,0x00000000f4800000)
  from space 84480K, 20% used [0x00000000fa180000,0x00000000fb27b508,0x00000000ff400000)
  to   space 88064K, 0% used [0x00000000f4800000,0x00000000f4800000,0x00000000f9e00000)
 ParOldGen       total 361472K, used 137810K [0x0000000080000000, 0x0000000096100000, 0x00000000d5580000)
  object space 361472K, 38% used [0x0000000080000000,0x0000000088694bd8,0x0000000096100000)
 Metaspace       used 128832K, capacity 136318K, committed 136600K, reserved 1169408K
  class space    used 16010K, capacity 17248K, committed 17328K, reserved 1048576K
Event: 4190.643 GC heap after
Heap after GC invocations=38 (full 5):
 PSYoungGen      total 598528K, used 9146K [0x00000000d5580000, 0x00000000ffe80000, 0x0000000100000000)
  eden space 510464K, 0% used [0x00000000d5580000,0x00000000d5580000,0x00000000f4800000)
  from space 88064K, 10% used [0x00000000f4800000,0x00000000f50eeb50,0x00000000f9e00000)
  to   space 85504K, 0% used [0x00000000fab00000,0x00000000fab00000,0x00000000ffe80000)
 ParOldGen       total 361472K, used 137818K [0x0000000080000000, 0x0000000096100000, 0x00000000d5580000)
  object space 361472K, 38% used [0x0000000080000000,0x0000000088696bd8,0x0000000096100000)
 Metaspace       used 128832K, capacity 136318K, committed 136600K, reserved 1169408K
  class space    used 16010K, capacity 17248K, committed 17328K, reserved 1048576K
}
Event: 4196.982 GC heap before
{Heap before GC invocations=39 (full 5):
 PSYoungGen      total 598528K, used 519610K [0x00000000d5580000, 0x00000000ffe80000, 0x0000000100000000)
  eden space 510464K, 100% used [0x00000000d5580000,0x00000000f4800000,0x00000000f4800000)
  from space 88064K, 10% used [0x00000000f4800000,0x00000000f50eeb50,0x00000000f9e00000)
  to   space 85504K, 0% used [0x00000000fab00000,0x00000000fab00000,0x00000000ffe80000)
 ParOldGen       total 361472K, used 137818K [0x0000000080000000, 0x0000000096100000, 0x00000000d5580000)
  object space 361472K, 38% used [0x0000000080000000,0x0000000088696bd8,0x0000000096100000)
 Metaspace       used 128973K, capacity 136528K, committed 136856K, reserved 1169408K
  class space    used 16012K, capacity 17251K, committed 17328K, reserved 1048576K
Event: 4197.044 GC heap after
Heap after GC invocations=39 (full 5):
 PSYoungGen      total 600576K, used 19130K [0x00000000d5580000, 0x00000000ff480000, 0x0000000100000000)
  eden space 525312K, 0% used [0x00000000d5580000,0x00000000d5580000,0x00000000f5680000)
  from space 75264K, 25% used [0x00000000fab00000,0x00000000fbdae850,0x00000000ff480000)
  to   space 80896K, 0% used [0x00000000f5680000,0x00000000f5680000,0x00000000fa580000)
 ParOldGen       total 361472K, used 137826K [0x0000000080000000, 0x0000000096100000, 0x00000000d5580000)
  object space 361472K, 38% used [0x0000000080000000,0x0000000088698bd8,0x0000000096100000)
 Metaspace       used 128973K, capacity 136528K, committed 136856K, reserved 1169408K
  class space    used 16012K, capacity 17251K, committed 17328K, reserved 1048576K
}
Event: 4206.618 GC heap before
{Heap before GC invocations=40 (full 5):
 PSYoungGen      total 600576K, used 544442K [0x00000000d5580000, 0x00000000ff480000, 0x0000000100000000)
  eden space 525312K, 100% used [0x00000000d5580000,0x00000000f5680000,0x00000000f5680000)
  from space 75264K, 25% used [0x00000000fab00000,0x00000000fbdae850,0x00000000ff480000)
  to   space 80896K, 0% used [0x00000000f5680000,0x00000000f5680000,0x00000000fa580000)
 ParOldGen       total 361472K, used 137826K [0x0000000080000000, 0x0000000096100000, 0x00000000d5580000)
  object space 361472K, 38% used [0x0000000080000000,0x0000000088698bd8,0x0000000096100000)
 Metaspace       used 143804K, capacity 151434K, committed 151704K, reserved 1181696K
  class space    used 17723K, capacity 18994K, committed 19120K, reserved 1048576K
Event: 4206.856 GC heap after
Heap after GC invocations=40 (full 5):
 PSYoungGen      total 606208K, used 80871K [0x00000000d5580000, 0x0000000100000000, 0x0000000100000000)
  eden space 525312K, 0% used [0x00000000d5580000,0x00000000d5580000,0x00000000f5680000)
  from space 80896K, 99% used [0x00000000f5680000,0x00000000fa579cd0,0x00000000fa580000)
  to   space 92672K, 0% used [0x00000000fa580000,0x00000000fa580000,0x0000000100000000)
 ParOldGen       total 361472K, used 171958K [0x0000000080000000, 0x0000000096100000, 0x00000000d5580000)
  object space 361472K, 47% used [0x0000000080000000,0x000000008a7edaa8,0x0000000096100000)
 Metaspace       used 143804K, capacity 151434K, committed 151704K, reserved 1181696K
  class space    used 17723K, capacity 18994K, committed 19120K, reserved 1048576K
}
Event: 4340.460 GC heap before
{Heap before GC invocations=41 (full 5):
 PSYoungGen      total 606208K, used 606183K [0x00000000d5580000, 0x0000000100000000, 0x0000000100000000)
  eden space 525312K, 100% used [0x00000000d5580000,0x00000000f5680000,0x00000000f5680000)
  from space 80896K, 99% used [0x00000000f5680000,0x00000000fa579cd0,0x00000000fa580000)
  to   space 92672K, 0% used [0x00000000fa580000,0x00000000fa580000,0x0000000100000000)
 ParOldGen       total 361472K, used 171958K [0x0000000080000000, 0x0000000096100000, 0x00000000d5580000)
  object space 361472K, 47% used [0x0000000080000000,0x000000008a7edaa8,0x0000000096100000)
 Metaspace       used 144616K, capacity 152190K, committed 152472K, reserved 1183744K
  class space    used 17800K, capacity 19070K, committed 19120K, reserved 1048576K
Event: 4340.630 GC heap after
Heap after GC invocations=41 (full 5):
 PSYoungGen      total 585728K, used 39538K [0x00000000d5580000, 0x0000000100000000, 0x0000000100000000)
  eden space 493056K, 0% used [0x00000000d5580000,0x00000000d5580000,0x00000000f3700000)
  from space 92672K, 42% used [0x00000000fa580000,0x00000000fcc1c8a0,0x0000000100000000)
  to   space 102912K, 0% used [0x00000000f3700000,0x00000000f3700000,0x00000000f9b80000)
 ParOldGen       total 361472K, used 172422K [0x0000000080000000, 0x0000000096100000, 0x00000000d5580000)
  object space 361472K, 47% used [0x0000000080000000,0x000000008a861aa8,0x0000000096100000)
 Metaspace       used 144616K, capacity 152190K, committed 152472K, reserved 1183744K
  class space    used 17800K, capacity 19070K, committed 19120K, reserved 1048576K
}

